<?xml version="1.0" encoding="utf-8"?>
<CoverageSession xmlns:xsd="http://www.w3.org/2001/XMLSchema" xmlns:xsi="http://www.w3.org/2001/XMLSchema-instance" Version="0.0.0.0">
  <Summary numSequencePoints="145" visitedSequencePoints="0" numBranchPoints="0" visitedBranchPoints="0" sequenceCoverage="0.0" branchCoverage="0.0" maxCyclomaticComplexity="0" minCyclomaticComplexity="0" maxCrapScore="0" minCrapScore="0" visitedClasses="0" numClasses="4" visitedMethods="0" numMethods="9" />
  <Modules>
    <Module>
      <Summary numSequencePoints="10" visitedSequencePoints="0" numBranchPoints="0" visitedBranchPoints="0" sequenceCoverage="0.0" branchCoverage="0.0" maxCyclomaticComplexity="0" minCyclomaticComplexity="0" maxCrapScore="0" minCrapScore="0" visitedClasses="0" numClasses="2" visitedMethods="0" numMethods="3" />
      <ModuleTime>0001-01-01T00:00:00</ModuleTime>
      <ModuleName>Assembly-CSharp</ModuleName>
      <Files>
        <File uid="1" fullPath="D:\a\sonarcloud-unity-action\sonarcloud-unity-action\client/Assets/Core/SubmoduleTest.cs" />
        <File uid="2" fullPath="D:\a\sonarcloud-unity-action\sonarcloud-unity-action\client/Assets/Scripts/HelloWorld.cs" />
      </Files>
      <Classes>
        <Class>
          <Summary numSequencePoints="3" visitedSequencePoints="0" numBranchPoints="0" visitedBranchPoints="0" sequenceCoverage="0.0" branchCoverage="0.0" maxCyclomaticComplexity="0" minCyclomaticComplexity="0" maxCrapScore="0" minCrapScore="0" visitedClasses="0" numClasses="1" visitedMethods="0" numMethods="1" />
          <FullName>SubmoduleTest</FullName>
          <Methods>
            <Method visited="false" cyclomaticComplexity="0" nPathComplexity="0" sequenceCoverage="0.0" branchCoverage="0" crapScore="0" isConstructor="false" isStatic="true" isGetter="false" isSetter="false">
              <Summary numSequencePoints="3" visitedSequencePoints="0" numBranchPoints="0" visitedBranchPoints="0" sequenceCoverage="0.0" branchCoverage="0" maxCyclomaticComplexity="0" minCyclomaticComplexity="0" maxCrapScore="0" minCrapScore="0" visitedClasses="0" numClasses="0" visitedMethods="0" numMethods="1" />
              <MetadataToken>100663297</MetadataToken>
              <Name>static System.String SubmoduleTest::SubmoduleVersion()</Name>
              <FileRef uid="1" />
              <SequencePoints>
                <SequencePoint vc="0" uspid="146" ordinal="0" offset="0" sl="4" sc="2" el="4" ec="2" bec="0" bev="0" fileid="1" />
                <SequencePoint vc="0" uspid="147" ordinal="0" offset="1" sl="5" sc="3" el="5" ec="3" bec="0" bev="0" fileid="1" />
                <SequencePoint vc="0" uspid="148" ordinal="0" offset="9" sl="6" sc="2" el="6" ec="2" bec="0" bev="0" fileid="1" />
              </SequencePoints>
              <BranchPoints />
            </Method>
          </Methods>
        </Class>
        <Class>
          <Summary numSequencePoints="7" visitedSequencePoints="0" numBranchPoints="0" visitedBranchPoints="0" sequenceCoverage="0.0" branchCoverage="0.0" maxCyclomaticComplexity="0" minCyclomaticComplexity="0" maxCrapScore="0" minCrapScore="0" visitedClasses="0" numClasses="1" visitedMethods="0" numMethods="2" />
          <FullName>EastSideGames.Game.HelloWorld</FullName>
          <Methods>
            <Method visited="false" cyclomaticComplexity="0" nPathComplexity="0" sequenceCoverage="0.0" branchCoverage="0" crapScore="0" isConstructor="false" isStatic="false" isGetter="false" isSetter="false">
              <Summary numSequencePoints="4" visitedSequencePoints="0" numBranchPoints="0" visitedBranchPoints="0" sequenceCoverage="0.0" branchCoverage="0" maxCyclomaticComplexity="0" minCyclomaticComplexity="0" maxCrapScore="0" minCrapScore="0" visitedClasses="0" numClasses="0" visitedMethods="0" numMethods="1" />
              <MetadataToken>100663299</MetadataToken>
              <Name>System.Void EastSideGames.Game.HelloWorld::Start()</Name>
              <FileRef uid="2" />
              <SequencePoints>
                <SequencePoint vc="0" uspid="149" ordinal="0" offset="0" sl="11" sc="9" el="11" ec="9" bec="0" bev="0" fileid="2" />
                <SequencePoint vc="0" uspid="150" ordinal="0" offset="1" sl="12" sc="13" el="12" ec="13" bec="0" bev="0" fileid="2" />
                <SequencePoint vc="0" uspid="151" ordinal="0" offset="22" sl="13" sc="13" el="13" ec="13" bec="0" bev="0" fileid="2" />
                <SequencePoint vc="0" uspid="152" ordinal="0" offset="33" sl="14" sc="9" el="14" ec="9" bec="0" bev="0" fileid="2" />
              </SequencePoints>
              <BranchPoints />
            </Method>
            <Method visited="false" cyclomaticComplexity="0" nPathComplexity="0" sequenceCoverage="0.0" branchCoverage="0" crapScore="0" isConstructor="false" isStatic="true" isGetter="false" isSetter="false">
              <Summary numSequencePoints="3" visitedSequencePoints="0" numBranchPoints="0" visitedBranchPoints="0" sequenceCoverage="0.0" branchCoverage="0" maxCyclomaticComplexity="0" minCyclomaticComplexity="0" maxCrapScore="0" minCrapScore="0" visitedClasses="0" numClasses="0" visitedMethods="0" numMethods="1" />
              <MetadataToken>100663300</MetadataToken>
              <Name>static System.String EastSideGames.Game.HelloWorld::TestTest()</Name>
              <FileRef uid="2" />
              <SequencePoints>
                <SequencePoint vc="0" uspid="153" ordinal="0" offset="0" sl="17" sc="9" el="17" ec="9" bec="0" bev="0" fileid="2" />
                <SequencePoint vc="0" uspid="154" ordinal="0" offset="1" sl="19" sc="13" el="19" ec="13" bec="0" bev="0" fileid="2" />
                <SequencePoint vc="0" uspid="155" ordinal="0" offset="9" sl="20" sc="9" el="20" ec="9" bec="0" bev="0" fileid="2" />
              </SequencePoints>
              <BranchPoints />
            </Method>
          </Methods>
        </Class>
      </Classes>
    </Module>
    <Module>
      <Summary numSequencePoints="135" visitedSequencePoints="0" numBranchPoints="0" visitedBranchPoints="0" sequenceCoverage="0.0" branchCoverage="0.0" maxCyclomaticComplexity="0" minCyclomaticComplexity="0" maxCrapScore="0" minCrapScore="0" visitedClasses="0" numClasses="2" visitedMethods="0" numMethods="6" />
      <ModuleTime>0001-01-01T00:00:00</ModuleTime>
      <ModuleName>Assembly-CSharp-Editor</ModuleName>
      <Files>
        <File uid="3" fullPath="D:\a\sonarcloud-unity-action\sonarcloud-unity-action\client/Assets/Editor/Tests/NewTestScript.cs" />
        <File uid="4" fullPath="D:\a\sonarcloud-unity-action\sonarcloud-unity-action\client/Assets/Editor/UpdateProject.cs" />
      </Files>
      <Classes>
        <Class>
          <Summary numSequencePoints="3" visitedSequencePoints="0" numBranchPoints="0" visitedBranchPoints="0" sequenceCoverage="0.0" branchCoverage="0.0" maxCyclomaticComplexity="0" minCyclomaticComplexity="0" maxCrapScore="0" minCrapScore="0" visitedClasses="0" numClasses="1" visitedMethods="0" numMethods="1" />
          <FullName>NewTestScript</FullName>
          <Methods>
            <Method visited="false" cyclomaticComplexity="0" nPathComplexity="0" sequenceCoverage="0.0" branchCoverage="0" crapScore="0" isConstructor="false" isStatic="false" isGetter="false" isSetter="false">
              <Summary numSequencePoints="3" visitedSequencePoints="0" numBranchPoints="0" visitedBranchPoints="0" sequenceCoverage="0.0" branchCoverage="0" maxCyclomaticComplexity="0" minCyclomaticComplexity="0" maxCrapScore="0" minCrapScore="0" visitedClasses="0" numClasses="0" visitedMethods="0" numMethods="1" />
              <MetadataToken>100663297</MetadataToken>
              <Name>System.Void NewTestScript::NewTestScriptSimplePasses()</Name>
              <FileRef uid="3" />
              <SequencePoints>
                <SequencePoint vc="0" uspid="156" ordinal="0" offset="0" sl="9" sc="5" el="9" ec="5" bec="0" bev="0" fileid="3" />
                <SequencePoint vc="0" uspid="157" ordinal="0" offset="1" sl="10" sc="9" el="10" ec="9" bec="0" bev="0" fileid="3" />
                <SequencePoint vc="0" uspid="158" ordinal="0" offset="17" sl="11" sc="5" el="11" ec="5" bec="0" bev="0" fileid="3" />
              </SequencePoints>
              <BranchPoints />
            </Method>
          </Methods>
        </Class>
        <Class>
          <Summary numSequencePoints="132" visitedSequencePoints="0" numBranchPoints="0" visitedBranchPoints="0" sequenceCoverage="0.0" branchCoverage="0.0" maxCyclomaticComplexity="0" minCyclomaticComplexity="0" maxCrapScore="0" minCrapScore="0" visitedClasses="0" numClasses="1" visitedMethods="0" numMethods="5" />
          <FullName>EastSideGames.ThirdParty.SonarCloud.UpdateProject</FullName>
          <Methods>
            <Method visited="false" cyclomaticComplexity="0" nPathComplexity="0" sequenceCoverage="0.0" branchCoverage="0" crapScore="0" isConstructor="false" isStatic="true" isGetter="false" isSetter="false">
              <Summary numSequencePoints="20" visitedSequencePoints="0" numBranchPoints="0" visitedBranchPoints="0" sequenceCoverage="0.0" branchCoverage="0" maxCyclomaticComplexity="0" minCyclomaticComplexity="0" maxCrapScore="0" minCrapScore="0" visitedClasses="0" numClasses="0" visitedMethods="0" numMethods="1" />
              <MetadataToken>100663300</MetadataToken>
              <Name>static System.Void EastSideGames.ThirdParty.SonarCloud.UpdateProject::OnProjectChanged()</Name>
              <FileRef uid="4" />
              <SequencePoints>
                <SequencePoint vc="0" uspid="159" ordinal="0" offset="0" sl="22" sc="9" el="22" ec="9" bec="0" bev="0" fileid="4" />
                <SequencePoint vc="0" uspid="160" ordinal="0" offset="1" sl="23" sc="13" el="23" ec="13" bec="0" bev="0" fileid="4" />
                <SequencePoint vc="0" uspid="161" ordinal="0" offset="12" sl="24" sc="13" el="24" ec="13" bec="0" bev="0" fileid="4" />
                <SequencePoint vc="0" uspid="162" ordinal="0" offset="19" sl="26" sc="13" el="26" ec="13" bec="0" bev="0" fileid="4" />
                <SequencePoint vc="0" uspid="163" ordinal="0" offset="30" sl="28" sc="13" el="28" ec="13" bec="0" bev="0" fileid="4" />
                <SequencePoint vc="0" uspid="164" ordinal="0" offset="31" sl="28" sc="38" el="28" ec="38" bec="0" bev="0" fileid="4" />
                <SequencePoint vc="0" uspid="165" ordinal="0" offset="37" sl="28" sc="22" el="28" ec="22" bec="0" bev="0" fileid="4" />
                <SequencePoint vc="0" uspid="166" ordinal="0" offset="42" sl="29" sc="13" el="29" ec="13" bec="0" bev="0" fileid="4" />
                <SequencePoint vc="0" uspid="167" ordinal="0" offset="43" sl="30" sc="17" el="30" ec="17" bec="0" bev="0" fileid="4" />
                <SequencePoint vc="0" uspid="168" ordinal="0" offset="52" sl="32" sc="17" el="32" ec="17" bec="0" bev="0" fileid="4" />
                <SequencePoint vc="0" uspid="169" ordinal="0" offset="90" sl="33" sc="17" el="33" ec="17" bec="0" bev="0" fileid="4" />
                <SequencePoint vc="0" uspid="170" ordinal="0" offset="91" sl="34" sc="21" el="34" ec="21" bec="0" bev="0" fileid="4" />
                <SequencePoint vc="0" uspid="171" ordinal="0" offset="105" sl="35" sc="17" el="35" ec="17" bec="0" bev="0" fileid="4" />
                <SequencePoint vc="0" uspid="172" ordinal="0" offset="108" sl="36" sc="22" el="36" ec="22" bec="0" bev="0" fileid="4" />
                <SequencePoint vc="0" uspid="173" ordinal="0" offset="126" sl="37" sc="17" el="37" ec="17" bec="0" bev="0" fileid="4" />
                <SequencePoint vc="0" uspid="174" ordinal="0" offset="127" sl="38" sc="21" el="38" ec="21" bec="0" bev="0" fileid="4" />
                <SequencePoint vc="0" uspid="175" ordinal="0" offset="141" sl="39" sc="17" el="39" ec="17" bec="0" bev="0" fileid="4" />
                <SequencePoint vc="0" uspid="176" ordinal="0" offset="142" sl="40" sc="13" el="40" ec="13" bec="0" bev="0" fileid="4" />
                <SequencePoint vc="0" uspid="177" ordinal="0" offset="147" sl="28" sc="35" el="28" ec="35" bec="0" bev="0" fileid="4" />
                <SequencePoint vc="0" uspid="178" ordinal="0" offset="153" sl="41" sc="9" el="41" ec="9" bec="0" bev="0" fileid="4" />
              </SequencePoints>
              <BranchPoints />
            </Method>
            <Method visited="false" cyclomaticComplexity="0" nPathComplexity="0" sequenceCoverage="0.0" branchCoverage="0" crapScore="0" isConstructor="false" isStatic="true" isGetter="false" isSetter="false">
              <Summary numSequencePoints="41" visitedSequencePoints="0" numBranchPoints="0" visitedBranchPoints="0" sequenceCoverage="0.0" branchCoverage="0" maxCyclomaticComplexity="0" minCyclomaticComplexity="0" maxCrapScore="0" minCrapScore="0" visitedClasses="0" numClasses="0" visitedMethods="0" numMethods="1" />
              <MetadataToken>100663301</MetadataToken>
              <Name>static System.Void EastSideGames.ThirdParty.SonarCloud.UpdateProject::UpdateProjectFile(System.IO.FileInfo, System.String)</Name>
              <FileRef uid="4" />
              <SequencePoints>
                <SequencePoint vc="0" uspid="179" ordinal="0" offset="0" sl="44" sc="9" el="44" ec="9" bec="0" bev="0" fileid="4" />
                <SequencePoint vc="0" uspid="180" ordinal="0" offset="1" sl="45" sc="13" el="45" ec="13" bec="0" bev="0" fileid="4" />
                <SequencePoint vc="0" uspid="181" ordinal="0" offset="8" sl="46" sc="13" el="46" ec="13" bec="0" bev="0" fileid="4" />
                <SequencePoint vc="0" uspid="182" ordinal="0" offset="25" sl="49" sc="13" el="49" ec="13" bec="0" bev="0" fileid="4" />
                <SequencePoint vc="0" uspid="183" ordinal="0" offset="32" sl="50" sc="13" el="50" ec="13" bec="0" bev="0" fileid="4" />
                <SequencePoint vc="0" uspid="184" ordinal="0" offset="39" sl="53" sc="13" el="53" ec="13" bec="0" bev="0" fileid="4" />
                <SequencePoint vc="0" uspid="185" ordinal="0" offset="40" sl="54" sc="17" el="54" ec="17" bec="0" bev="0" fileid="4" />
                <SequencePoint vc="0" uspid="186" ordinal="0" offset="47" sl="56" sc="17" el="56" ec="17" bec="0" bev="0" fileid="4" />
                <SequencePoint vc="0" uspid="187" ordinal="0" offset="60" sl="57" sc="17" el="57" ec="17" bec="0" bev="0" fileid="4" />
                <SequencePoint vc="0" uspid="188" ordinal="0" offset="61" sl="58" sc="21" el="58" ec="21" bec="0" bev="0" fileid="4" />
                <SequencePoint vc="0" uspid="189" ordinal="0" offset="78" sl="59" sc="21" el="59" ec="21" bec="0" bev="0" fileid="4" />
                <SequencePoint vc="0" uspid="190" ordinal="0" offset="79" sl="60" sc="25" el="60" ec="25" bec="0" bev="0" fileid="4" />
                <SequencePoint vc="0" uspid="191" ordinal="0" offset="84" sl="63" sc="21" el="63" ec="21" bec="0" bev="0" fileid="4" />
                <SequencePoint vc="0" uspid="192" ordinal="0" offset="101" sl="64" sc="21" el="64" ec="21" bec="0" bev="0" fileid="4" />
                <SequencePoint vc="0" uspid="193" ordinal="0" offset="102" sl="68" sc="25" el="68" ec="25" bec="0" bev="0" fileid="4" />
                <SequencePoint vc="0" uspid="194" ordinal="0" offset="111" sl="69" sc="25" el="69" ec="25" bec="0" bev="0" fileid="4" />
                <SequencePoint vc="0" uspid="195" ordinal="0" offset="124" sl="70" sc="25" el="70" ec="25" bec="0" bev="0" fileid="4" />
                <SequencePoint vc="0" uspid="196" ordinal="0" offset="137" sl="71" sc="25" el="71" ec="25" bec="0" bev="0" fileid="4" />
                <SequencePoint vc="0" uspid="197" ordinal="0" offset="150" sl="72" sc="21" el="72" ec="21" bec="0" bev="0" fileid="4" />
                <SequencePoint vc="0" uspid="198" ordinal="0" offset="156" sl="73" sc="26" el="73" ec="26" bec="0" bev="0" fileid="4" />
                <SequencePoint vc="0" uspid="199" ordinal="0" offset="173" sl="74" sc="21" el="74" ec="21" bec="0" bev="0" fileid="4" />
                <SequencePoint vc="0" uspid="200" ordinal="0" offset="174" sl="75" sc="25" el="75" ec="25" bec="0" bev="0" fileid="4" />
                <SequencePoint vc="0" uspid="201" ordinal="0" offset="189" sl="76" sc="21" el="76" ec="21" bec="0" bev="0" fileid="4" />
                <SequencePoint vc="0" uspid="202" ordinal="0" offset="192" sl="77" sc="26" el="77" ec="26" bec="0" bev="0" fileid="4" />
                <SequencePoint vc="0" uspid="203" ordinal="0" offset="209" sl="78" sc="21" el="78" ec="21" bec="0" bev="0" fileid="4" />
                <SequencePoint vc="0" uspid="204" ordinal="0" offset="210" sl="79" sc="25" el="79" ec="25" bec="0" bev="0" fileid="4" />
                <SequencePoint vc="0" uspid="205" ordinal="0" offset="234" sl="80" sc="21" el="80" ec="21" bec="0" bev="0" fileid="4" />
                <SequencePoint vc="0" uspid="206" ordinal="0" offset="237" sl="81" sc="26" el="81" ec="26" bec="0" bev="0" fileid="4" />
                <SequencePoint vc="0" uspid="207" ordinal="0" offset="254" sl="82" sc="21" el="82" ec="21" bec="0" bev="0" fileid="4" />
                <SequencePoint vc="0" uspid="208" ordinal="0" offset="255" sl="83" sc="25" el="83" ec="25" bec="0" bev="0" fileid="4" />
                <SequencePoint vc="0" uspid="209" ordinal="0" offset="279" sl="84" sc="21" el="84" ec="21" bec="0" bev="0" fileid="4" />
                <SequencePoint vc="0" uspid="210" ordinal="0" offset="282" sl="86" sc="21" el="86" ec="21" bec="0" bev="0" fileid="4" />
                <SequencePoint vc="0" uspid="211" ordinal="0" offset="283" sl="87" sc="25" el="87" ec="25" bec="0" bev="0" fileid="4" />
                <SequencePoint vc="0" uspid="212" ordinal="0" offset="292" sl="88" sc="21" el="88" ec="21" bec="0" bev="0" fileid="4" />
                <SequencePoint vc="0" uspid="213" ordinal="0" offset="293" sl="89" sc="17" el="89" ec="17" bec="0" bev="0" fileid="4" />
                <SequencePoint vc="0" uspid="214" ordinal="0" offset="294" sl="90" sc="13" el="90" ec="13" bec="0" bev="0" fileid="4" />
                <SequencePoint vc="0" uspid="215" ordinal="0" offset="295" sl="90" sc="15" el="90" ec="15" bec="0" bev="0" fileid="4" />
                <SequencePoint vc="0" uspid="216" ordinal="0" offset="308" sl="92" sc="13" el="92" ec="13" bec="0" bev="0" fileid="4" />
                <SequencePoint vc="0" uspid="217" ordinal="0" offset="315" sl="93" sc="13" el="93" ec="13" bec="0" bev="0" fileid="4" />
                <SequencePoint vc="0" uspid="218" ordinal="0" offset="322" sl="95" sc="13" el="95" ec="13" bec="0" bev="0" fileid="4" />
                <SequencePoint vc="0" uspid="219" ordinal="0" offset="351" sl="96" sc="9" el="96" ec="9" bec="0" bev="0" fileid="4" />
              </SequencePoints>
              <BranchPoints />
            </Method>
            <Method visited="false" cyclomaticComplexity="0" nPathComplexity="0" sequenceCoverage="0.0" branchCoverage="0" crapScore="0" isConstructor="false" isStatic="true" isGetter="false" isSetter="false">
              <Summary numSequencePoints="36" visitedSequencePoints="0" numBranchPoints="0" visitedBranchPoints="0" sequenceCoverage="0.0" branchCoverage="0" maxCyclomaticComplexity="0" minCyclomaticComplexity="0" maxCrapScore="0" minCrapScore="0" visitedClasses="0" numClasses="0" visitedMethods="0" numMethods="1" />
              <MetadataToken>100663302</MetadataToken>
              <Name>static System.String EastSideGames.ThirdParty.SonarCloud.UpdateProject::FixHintPath(System.String, System.String)</Name>
              <FileRef uid="4" />
              <SequencePoints>
                <SequencePoint vc="0" uspid="220" ordinal="0" offset="0" sl="99" sc="9" el="99" ec="9" bec="0" bev="0" fileid="4" />
                <SequencePoint vc="0" uspid="221" ordinal="0" offset="1" sl="100" sc="13" el="100" ec="13" bec="0" bev="0" fileid="4" />
                <SequencePoint vc="0" uspid="222" ordinal="0" offset="7" sl="104" sc="13" el="104" ec="13" bec="0" bev="0" fileid="4" />
                <SequencePoint vc="0" uspid="223" ordinal="0" offset="22" sl="105" sc="13" el="105" ec="13" bec="0" bev="0" fileid="4" />
                <SequencePoint vc="0" uspid="224" ordinal="0" offset="23" sl="107" sc="17" el="107" ec="17" bec="0" bev="0" fileid="4" />
                <SequencePoint vc="0" uspid="225" ordinal="0" offset="25" sl="108" sc="13" el="108" ec="13" bec="0" bev="0" fileid="4" />
                <SequencePoint vc="0" uspid="226" ordinal="0" offset="31" sl="109" sc="18" el="109" ec="18" bec="0" bev="0" fileid="4" />
                <SequencePoint vc="0" uspid="227" ordinal="0" offset="48" sl="110" sc="13" el="110" ec="13" bec="0" bev="0" fileid="4" />
                <SequencePoint vc="0" uspid="228" ordinal="0" offset="49" sl="112" sc="17" el="112" ec="17" bec="0" bev="0" fileid="4" />
                <SequencePoint vc="0" uspid="229" ordinal="0" offset="62" sl="113" sc="17" el="113" ec="17" bec="0" bev="0" fileid="4" />
                <SequencePoint vc="0" uspid="230" ordinal="0" offset="72" sl="114" sc="17" el="114" ec="17" bec="0" bev="0" fileid="4" />
                <SequencePoint vc="0" uspid="231" ordinal="0" offset="73" sl="115" sc="21" el="115" ec="21" bec="0" bev="0" fileid="4" />
                <SequencePoint vc="0" uspid="232" ordinal="0" offset="86" sl="116" sc="17" el="116" ec="17" bec="0" bev="0" fileid="4" />
                <SequencePoint vc="0" uspid="233" ordinal="0" offset="89" sl="118" sc="17" el="118" ec="17" bec="0" bev="0" fileid="4" />
                <SequencePoint vc="0" uspid="234" ordinal="0" offset="90" sl="119" sc="21" el="119" ec="21" bec="0" bev="0" fileid="4" />
                <SequencePoint vc="0" uspid="235" ordinal="0" offset="114" sl="120" sc="17" el="120" ec="17" bec="0" bev="0" fileid="4" />
                <SequencePoint vc="0" uspid="236" ordinal="0" offset="115" sl="122" sc="17" el="122" ec="17" bec="0" bev="0" fileid="4" />
                <SequencePoint vc="0" uspid="237" ordinal="0" offset="131" sl="123" sc="17" el="123" ec="17" bec="0" bev="0" fileid="4" />
                <SequencePoint vc="0" uspid="238" ordinal="0" offset="153" sl="125" sc="13" el="125" ec="13" bec="0" bev="0" fileid="4" />
                <SequencePoint vc="0" uspid="239" ordinal="0" offset="159" sl="126" sc="18" el="126" ec="18" bec="0" bev="0" fileid="4" />
                <SequencePoint vc="0" uspid="240" ordinal="0" offset="175" sl="127" sc="13" el="127" ec="13" bec="0" bev="0" fileid="4" />
                <SequencePoint vc="0" uspid="241" ordinal="0" offset="176" sl="130" sc="17" el="130" ec="17" bec="0" bev="0" fileid="4" />
                <SequencePoint vc="0" uspid="242" ordinal="0" offset="212" sl="131" sc="17" el="131" ec="17" bec="0" bev="0" fileid="4" />
                <SequencePoint vc="0" uspid="243" ordinal="0" offset="213" sl="132" sc="21" el="132" ec="21" bec="0" bev="0" fileid="4" />
                <SequencePoint vc="0" uspid="244" ordinal="0" offset="238" sl="133" sc="21" el="133" ec="21" bec="0" bev="0" fileid="4" />
                <SequencePoint vc="0" uspid="245" ordinal="0" offset="268" sl="134" sc="21" el="134" ec="21" bec="0" bev="0" fileid="4" />
                <SequencePoint vc="0" uspid="246" ordinal="0" offset="283" sl="135" sc="21" el="135" ec="21" bec="0" bev="0" fileid="4" />
                <SequencePoint vc="0" uspid="247" ordinal="0" offset="304" sl="136" sc="21" el="136" ec="21" bec="0" bev="0" fileid="4" />
                <SequencePoint vc="0" uspid="248" ordinal="0" offset="325" sl="137" sc="21" el="137" ec="21" bec="0" bev="0" fileid="4" />
                <SequencePoint vc="0" uspid="249" ordinal="0" offset="345" sl="138" sc="17" el="138" ec="17" bec="0" bev="0" fileid="4" />
                <SequencePoint vc="0" uspid="250" ordinal="0" offset="346" sl="139" sc="17" el="139" ec="17" bec="0" bev="0" fileid="4" />
                <SequencePoint vc="0" uspid="251" ordinal="0" offset="362" sl="140" sc="17" el="140" ec="17" bec="0" bev="0" fileid="4" />
                <SequencePoint vc="0" uspid="252" ordinal="0" offset="378" sl="141" sc="17" el="141" ec="17" bec="0" bev="0" fileid="4" />
                <SequencePoint vc="0" uspid="253" ordinal="0" offset="391" sl="142" sc="13" el="142" ec="13" bec="0" bev="0" fileid="4" />
                <SequencePoint vc="0" uspid="254" ordinal="0" offset="392" sl="144" sc="13" el="144" ec="13" bec="0" bev="0" fileid="4" />
                <SequencePoint vc="0" uspid="255" ordinal="0" offset="397" sl="145" sc="9" el="145" ec="9" bec="0" bev="0" fileid="4" />
              </SequencePoints>
              <BranchPoints />
            </Method>
            <Method visited="false" cyclomaticComplexity="0" nPathComplexity="0" sequenceCoverage="0.0" branchCoverage="0" crapScore="0" isConstructor="false" isStatic="true" isGetter="false" isSetter="false">
              <Summary numSequencePoints="31" visitedSequencePoints="0" numBranchPoints="0" visitedBranchPoints="0" sequenceCoverage="0.0" branchCoverage="0" maxCyclomaticComplexity="0" minCyclomaticComplexity="0" maxCrapScore="0" minCrapScore="0" visitedClasses="0" numClasses="0" visitedMethods="0" numMethods="1" />
              <MetadataToken>100663303</MetadataToken>
              <Name>static System.Void EastSideGames.ThirdParty.SonarCloud.UpdateProject::UpdateSolutionFile(System.IO.FileInfo, System.String)</Name>
              <FileRef uid="4" />
              <SequencePoints>
                <SequencePoint vc="0" uspid="256" ordinal="0" offset="0" sl="148" sc="9" el="148" ec="9" bec="0" bev="0" fileid="4" />
                <SequencePoint vc="0" uspid="257" ordinal="0" offset="1" sl="149" sc="13" el="149" ec="13" bec="0" bev="0" fileid="4" />
                <SequencePoint vc="0" uspid="258" ordinal="0" offset="8" sl="150" sc="13" el="150" ec="13" bec="0" bev="0" fileid="4" />
                <SequencePoint vc="0" uspid="259" ordinal="0" offset="15" sl="153" sc="13" el="153" ec="13" bec="0" bev="0" fileid="4" />
                <SequencePoint vc="0" uspid="260" ordinal="0" offset="21" sl="156" sc="13" el="156" ec="13" bec="0" bev="0" fileid="4" />
                <SequencePoint vc="0" uspid="261" ordinal="0" offset="22" sl="157" sc="17" el="157" ec="17" bec="0" bev="0" fileid="4" />
                <SequencePoint vc="0" uspid="262" ordinal="0" offset="29" sl="159" sc="17" el="159" ec="17" bec="0" bev="0" fileid="4" />
                <SequencePoint vc="0" uspid="263" ordinal="0" offset="42" sl="160" sc="17" el="160" ec="17" bec="0" bev="0" fileid="4" />
                <SequencePoint vc="0" uspid="264" ordinal="0" offset="43" sl="161" sc="21" el="161" ec="21" bec="0" bev="0" fileid="4" />
                <SequencePoint vc="0" uspid="265" ordinal="0" offset="60" sl="162" sc="21" el="162" ec="21" bec="0" bev="0" fileid="4" />
                <SequencePoint vc="0" uspid="266" ordinal="0" offset="61" sl="163" sc="25" el="163" ec="25" bec="0" bev="0" fileid="4" />
                <SequencePoint vc="0" uspid="267" ordinal="0" offset="78" sl="164" sc="21" el="164" ec="21" bec="0" bev="0" fileid="4" />
                <SequencePoint vc="0" uspid="268" ordinal="0" offset="79" sl="166" sc="21" el="166" ec="21" bec="0" bev="0" fileid="4" />
                <SequencePoint vc="0" uspid="269" ordinal="0" offset="96" sl="167" sc="21" el="167" ec="21" bec="0" bev="0" fileid="4" />
                <SequencePoint vc="0" uspid="270" ordinal="0" offset="97" sl="168" sc="25" el="168" ec="25" bec="0" bev="0" fileid="4" />
                <SequencePoint vc="0" uspid="271" ordinal="0" offset="122" sl="169" sc="25" el="169" ec="25" bec="0" bev="0" fileid="4" />
                <SequencePoint vc="0" uspid="272" ordinal="0" offset="138" sl="170" sc="25" el="170" ec="25" bec="0" bev="0" fileid="4" />
                <SequencePoint vc="0" uspid="273" ordinal="0" offset="152" sl="171" sc="25" el="171" ec="25" bec="0" bev="0" fileid="4" />
                <SequencePoint vc="0" uspid="274" ordinal="0" offset="179" sl="172" sc="25" el="172" ec="25" bec="0" bev="0" fileid="4" />
                <SequencePoint vc="0" uspid="275" ordinal="0" offset="199" sl="173" sc="25" el="173" ec="25" bec="0" bev="0" fileid="4" />
                <SequencePoint vc="0" uspid="276" ordinal="0" offset="207" sl="174" sc="21" el="174" ec="21" bec="0" bev="0" fileid="4" />
                <SequencePoint vc="0" uspid="277" ordinal="0" offset="210" sl="176" sc="21" el="176" ec="21" bec="0" bev="0" fileid="4" />
                <SequencePoint vc="0" uspid="278" ordinal="0" offset="211" sl="177" sc="25" el="177" ec="25" bec="0" bev="0" fileid="4" />
                <SequencePoint vc="0" uspid="279" ordinal="0" offset="219" sl="178" sc="21" el="178" ec="21" bec="0" bev="0" fileid="4" />
                <SequencePoint vc="0" uspid="280" ordinal="0" offset="220" sl="179" sc="17" el="179" ec="17" bec="0" bev="0" fileid="4" />
                <SequencePoint vc="0" uspid="281" ordinal="0" offset="221" sl="180" sc="13" el="180" ec="13" bec="0" bev="0" fileid="4" />
                <SequencePoint vc="0" uspid="282" ordinal="0" offset="222" sl="180" sc="15" el="180" ec="15" bec="0" bev="0" fileid="4" />
                <SequencePoint vc="0" uspid="283" ordinal="0" offset="235" sl="182" sc="13" el="182" ec="13" bec="0" bev="0" fileid="4" />
                <SequencePoint vc="0" uspid="284" ordinal="0" offset="242" sl="183" sc="13" el="183" ec="13" bec="0" bev="0" fileid="4" />
                <SequencePoint vc="0" uspid="285" ordinal="0" offset="249" sl="185" sc="13" el="185" ec="13" bec="0" bev="0" fileid="4" />
                <SequencePoint vc="0" uspid="286" ordinal="0" offset="272" sl="186" sc="9" el="186" ec="9" bec="0" bev="0" fileid="4" />
              </SequencePoints>
              <BranchPoints />
            </Method>
            <Method visited="false" cyclomaticComplexity="0" nPathComplexity="0" sequenceCoverage="0.0" branchCoverage="0" crapScore="0" isConstructor="true" isStatic="true" isGetter="false" isSetter="false">
              <Summary numSequencePoints="4" visitedSequencePoints="0" numBranchPoints="0" visitedBranchPoints="0" sequenceCoverage="0.0" branchCoverage="0" maxCyclomaticComplexity="0" minCyclomaticComplexity="0" maxCrapScore="0" minCrapScore="0" visitedClasses="0" numClasses="0" visitedMethods="0" numMethods="1" />
              <MetadataToken>100663299</MetadataToken>
              <Name>static EastSideGames.ThirdParty.SonarCloud.UpdateProject::UpdateProject()</Name>
              <FileRef uid="4" />
              <SequencePoints>
                <SequencePoint vc="0" uspid="287" ordinal="0" offset="0" sl="16" sc="9" el="16" ec="9" bec="0" bev="0" fileid="4" />
                <SequencePoint vc="0" uspid="288" ordinal="0" offset="1" sl="17" sc="13" el="17" ec="13" bec="0" bev="0" fileid="4" />
                <SequencePoint vc="0" uspid="289" ordinal="0" offset="19" sl="18" sc="13" el="18" ec="13" bec="0" bev="0" fileid="4" />
                <SequencePoint vc="0" uspid="290" ordinal="0" offset="25" sl="19" sc="9" el="19" ec="9" bec="0" bev="0" fileid="4" />
              </SequencePoints>
              <BranchPoints />
            </Method>
          </Methods>
        </Class>
      </Classes>
    </Module>
  </Modules>
</CoverageSession>